[  0%] Built target geometry_msgs_generate_messages_eus
[  0%] Built target sensor_msgs_generate_messages_eus
[  0%] Built target sensor_msgs_generate_messages_py
[  0%] Built target std_msgs_generate_messages_nodejs
[  0%] Built target std_msgs_generate_messages_lisp
[  0%] Built target std_msgs_generate_messages_eus
[  0%] Built target geometry_msgs_generate_messages_nodejs
[  0%] Built target geometry_msgs_generate_messages_py
[  0%] Built target geometry_msgs_generate_messages_lisp
[  0%] Built target sensor_msgs_generate_messages_lisp
[  0%] Built target std_msgs_generate_messages_py
[  0%] Built target sensor_msgs_generate_messages_nodejs
[  0%] Built target sensor_msgs_generate_messages_cpp
[  0%] Built target geometry_msgs_generate_messages_cpp
[  0%] Built target std_msgs_generate_messages_cpp
[  0%] Built target _vgn_generate_messages_check_deps_GetMapCloud
[  0%] Built target _vgn_generate_messages_check_deps_PredictGrasps
[  0%] Built target _vgn_generate_messages_check_deps_GraspConfig
[  0%] Built target _vgn_generate_messages_check_deps_GetSceneCloud
[ 91%] Built target vgn_generate_messages_lisp
[ 91%] Built target vgn_generate_messages_cpp
[ 91%] Built target vgn_generate_messages_nodejs
[100%] Built target vgn_generate_messages_eus
[100%] Built target vgn_generate_messages_py
[100%] Built target vgn_generate_messages
