[35m[1mScanning dependencies of target std_msgs_generate_messages_lisp[0m
[35m[1mScanning dependencies of target sensor_msgs_generate_messages_eus[0m
[35m[1mScanning dependencies of target std_msgs_generate_messages_eus[0m
[35m[1mScanning dependencies of target geometry_msgs_generate_messages_eus[0m
[35m[1mScanning dependencies of target _vgn_generate_messages_check_deps_GetSceneCloud[0m
[35m[1mScanning dependencies of target _vgn_generate_messages_check_deps_GetMapCloud[0m
[35m[1mScanning dependencies of target sensor_msgs_generate_messages_lisp[0m
[35m[1mScanning dependencies of target _vgn_generate_messages_check_deps_PredictGrasps[0m
[35m[1mScanning dependencies of target sensor_msgs_generate_messages_py[0m
[35m[1mScanning dependencies of target _vgn_generate_messages_check_deps_GraspConfig[0m
[35m[1mScanning dependencies of target geometry_msgs_generate_messages_nodejs[0m
[35m[1mScanning dependencies of target sensor_msgs_generate_messages_nodejs[0m
[35m[1mScanning dependencies of target geometry_msgs_generate_messages_lisp[0m
[35m[1mScanning dependencies of target std_msgs_generate_messages_py[0m
[35m[1mScanning dependencies of target std_msgs_generate_messages_nodejs[0m
[  0%] Built target sensor_msgs_generate_messages_lisp
[35m[1mScanning dependencies of target geometry_msgs_generate_messages_py[0m
[  0%] Built target geometry_msgs_generate_messages_lisp
[  0%] Built target geometry_msgs_generate_messages_eus
[  0%] Built target geometry_msgs_generate_messages_nodejs
[  0%] Built target std_msgs_generate_messages_eus
[  0%] Built target sensor_msgs_generate_messages_eus
[  0%] Built target std_msgs_generate_messages_lisp
[  0%] Built target std_msgs_generate_messages_py
[  0%] Built target sensor_msgs_generate_messages_nodejs
[  0%] Built target std_msgs_generate_messages_nodejs
[  0%] Built target sensor_msgs_generate_messages_py
[35m[1mScanning dependencies of target geometry_msgs_generate_messages_cpp[0m
[35m[1mScanning dependencies of target std_msgs_generate_messages_cpp[0m
[35m[1mScanning dependencies of target sensor_msgs_generate_messages_cpp[0m
[  0%] Built target geometry_msgs_generate_messages_py
[  0%] Built target geometry_msgs_generate_messages_cpp
[  0%] Built target sensor_msgs_generate_messages_cpp
[  0%] Built target std_msgs_generate_messages_cpp
[  0%] Built target _vgn_generate_messages_check_deps_GetSceneCloud
[  0%] Built target _vgn_generate_messages_check_deps_GetMapCloud
[  0%] Built target _vgn_generate_messages_check_deps_GraspConfig
[  0%] Built target _vgn_generate_messages_check_deps_PredictGrasps
[35m[1mScanning dependencies of target vgn_generate_messages_cpp[0m
[35m[1mScanning dependencies of target vgn_generate_messages_nodejs[0m
[35m[1mScanning dependencies of target vgn_generate_messages_lisp[0m
[35m[1mScanning dependencies of target vgn_generate_messages_eus[0m
[35m[1mScanning dependencies of target vgn_generate_messages_py[0m
[ 34%] [34m[1mGenerating Lisp code from vgn/GetSceneCloud.srv[0m
[ 34%] [34m[1mGenerating C++ code from vgn/GetMapCloud.srv[0m
[ 34%] [34m[1mGenerating EusLisp code from vgn/GetSceneCloud.srv[0m
[ 34%] [34m[1mGenerating EusLisp code from vgn/GetMapCloud.srv[0m
[ 34%] [34m[1mGenerating EusLisp code from vgn/PredictGrasps.srv[0m
[ 34%] [34m[1mGenerating Javascript code from vgn/GetMapCloud.srv[0m
[ 47%] [34m[1mGenerating Javascript code from vgn/PredictGrasps.srv[0m
[ 47%] [34m[1mGenerating Lisp code from vgn/GetMapCloud.srv[0m
[ 47%] [34m[1mGenerating Lisp code from vgn/PredictGrasps.srv[0m
[ 47%] [34m[1mGenerating Javascript code from vgn/GetSceneCloud.srv[0m
[ 65%] [34m[1mGenerating Javascript code from vgn/GraspConfig.msg[0m
[ 65%] [34m[1mGenerating Lisp code from vgn/GraspConfig.msg[0m
[ 65%] [34m[1mGenerating EusLisp code from vgn/GraspConfig.msg[0m
[ 65%] [34m[1mGenerating C++ code from vgn/GraspConfig.msg[0m
[ 65%] [34m[1mGenerating Python from MSG vgn/GraspConfig[0m
[ 69%] [34m[1mGenerating Python code from SRV vgn/GetMapCloud[0m
[ 73%] [34m[1mGenerating EusLisp manifest code for vgn[0m
[ 82%] [34m[1mGenerating C++ code from vgn/GetSceneCloud.srv[0m
[ 82%] [34m[1mGenerating Python code from SRV vgn/GetSceneCloud[0m
[ 86%] [34m[1mGenerating Python code from SRV vgn/PredictGrasps[0m
[ 91%] [34m[1mGenerating C++ code from vgn/PredictGrasps.srv[0m
[ 91%] Built target vgn_generate_messages_nodejs
[ 91%] Built target vgn_generate_messages_lisp
[100%] [34m[1mGenerating Python msg __init__.py for vgn[0m
[100%] [34m[1mGenerating Python srv __init__.py for vgn[0m
[100%] Built target vgn_generate_messages_cpp
[100%] Built target vgn_generate_messages_py
[100%] Built target vgn_generate_messages_eus
[35m[1mScanning dependencies of target vgn_generate_messages[0m
[100%] Built target vgn_generate_messages
