Symlinking /home/tom/dev_ws/thesis_ws/devel/lib/python3/dist-packages/vgn/__init__.py
Symlinking /home/tom/dev_ws/thesis_ws/devel/lib/python3/dist-packages/vgn/srv/_GetMapCloud.py
Symlinking /home/tom/dev_ws/thesis_ws/devel/lib/python3/dist-packages/vgn/srv/_GetSceneCloud.py
Symlinking /home/tom/dev_ws/thesis_ws/devel/lib/python3/dist-packages/vgn/srv/_PredictGrasps.py
Symlinking /home/tom/dev_ws/thesis_ws/devel/lib/python3/dist-packages/vgn/srv/__init__.py
Symlinking /home/tom/dev_ws/thesis_ws/devel/lib/python3/dist-packages/vgn/msg/_GraspConfig.py
Symlinking /home/tom/dev_ws/thesis_ws/devel/lib/python3/dist-packages/vgn/msg/__init__.py
Symlinking /home/tom/dev_ws/thesis_ws/devel/include/vgn/GetMapCloudResponse.h
Symlinking /home/tom/dev_ws/thesis_ws/devel/include/vgn/PredictGrasps.h
Symlinking /home/tom/dev_ws/thesis_ws/devel/include/vgn/GetSceneCloud.h
Symlinking /home/tom/dev_ws/thesis_ws/devel/include/vgn/GetMapCloud.h
Symlinking /home/tom/dev_ws/thesis_ws/devel/include/vgn/PredictGraspsResponse.h
Symlinking /home/tom/dev_ws/thesis_ws/devel/include/vgn/PredictGraspsRequest.h
Symlinking /home/tom/dev_ws/thesis_ws/devel/include/vgn/GetSceneCloudRequest.h
Symlinking /home/tom/dev_ws/thesis_ws/devel/include/vgn/GetMapCloudRequest.h
Symlinking /home/tom/dev_ws/thesis_ws/devel/include/vgn/GraspConfig.h
Symlinking /home/tom/dev_ws/thesis_ws/devel/include/vgn/GetSceneCloudResponse.h
Symlinking /home/tom/dev_ws/thesis_ws/devel/share/common-lisp/ros/vgn/srv/_package_GetMapCloud.lisp
Symlinking /home/tom/dev_ws/thesis_ws/devel/share/common-lisp/ros/vgn/srv/PredictGrasps.lisp
Symlinking /home/tom/dev_ws/thesis_ws/devel/share/common-lisp/ros/vgn/srv/GetSceneCloud.lisp
Symlinking /home/tom/dev_ws/thesis_ws/devel/share/common-lisp/ros/vgn/srv/vgn-srv.asd
Symlinking /home/tom/dev_ws/thesis_ws/devel/share/common-lisp/ros/vgn/srv/_package_PredictGrasps.lisp
Symlinking /home/tom/dev_ws/thesis_ws/devel/share/common-lisp/ros/vgn/srv/GetMapCloud.lisp
Symlinking /home/tom/dev_ws/thesis_ws/devel/share/common-lisp/ros/vgn/srv/_package.lisp
Symlinking /home/tom/dev_ws/thesis_ws/devel/share/common-lisp/ros/vgn/srv/_package_GetSceneCloud.lisp
Symlinking /home/tom/dev_ws/thesis_ws/devel/share/common-lisp/ros/vgn/msg/vgn-msg.asd
Symlinking /home/tom/dev_ws/thesis_ws/devel/share/common-lisp/ros/vgn/msg/GraspConfig.lisp
Symlinking /home/tom/dev_ws/thesis_ws/devel/share/common-lisp/ros/vgn/msg/_package_GraspConfig.lisp
Symlinking /home/tom/dev_ws/thesis_ws/devel/share/common-lisp/ros/vgn/msg/_package.lisp
Symlinking /home/tom/dev_ws/thesis_ws/devel/share/vgn/cmake/vgn-msg-paths.cmake
Symlinking /home/tom/dev_ws/thesis_ws/devel/share/roseus/ros/vgn/manifest.l
Symlinking /home/tom/dev_ws/thesis_ws/devel/share/roseus/ros/vgn/srv/GetSceneCloud.l
Symlinking /home/tom/dev_ws/thesis_ws/devel/share/roseus/ros/vgn/srv/PredictGrasps.l
Symlinking /home/tom/dev_ws/thesis_ws/devel/share/roseus/ros/vgn/srv/GetMapCloud.l
Symlinking /home/tom/dev_ws/thesis_ws/devel/share/roseus/ros/vgn/msg/GraspConfig.l
Symlinking /home/tom/dev_ws/thesis_ws/devel/share/gennodejs/ros/vgn/_index.js
Symlinking /home/tom/dev_ws/thesis_ws/devel/share/gennodejs/ros/vgn/srv/GetMapCloud.js
Symlinking /home/tom/dev_ws/thesis_ws/devel/share/gennodejs/ros/vgn/srv/GetSceneCloud.js
Symlinking /home/tom/dev_ws/thesis_ws/devel/share/gennodejs/ros/vgn/srv/PredictGrasps.js
Symlinking /home/tom/dev_ws/thesis_ws/devel/share/gennodejs/ros/vgn/srv/_index.js
Symlinking /home/tom/dev_ws/thesis_ws/devel/share/gennodejs/ros/vgn/msg/GraspConfig.js
Symlinking /home/tom/dev_ws/thesis_ws/devel/share/gennodejs/ros/vgn/msg/_index.js
