[  0%] Built target std_msgs_generate_messages_cpp
[  0%] Built target geometry_msgs_generate_messages_nodejs
[  0%] Built target std_msgs_generate_messages_nodejs
[  0%] Built target std_msgs_generate_messages_py
[  0%] Built target geometry_msgs_generate_messages_lisp
[  0%] Built target std_msgs_generate_messages_eus
[  0%] Built target geometry_msgs_generate_messages_py
[  0%] Built target geometry_msgs_generate_messages_eus
[  0%] Built target std_msgs_generate_messages_lisp
[  0%] Built target geometry_msgs_generate_messages_cpp
[  0%] Built target _active_grasp_generate_messages_check_deps_Reset
[  0%] Built target _active_grasp_generate_messages_check_deps_Seed
[  0%] Built target _active_grasp_generate_messages_check_deps_AABBox
[ 66%] [34m[1mGenerating Python from MSG active_grasp/AABBox[0m
[ 66%] [34m[1mGenerating EusLisp manifest code for active_grasp[0m
[ 66%] [34m[1mGenerating EusLisp code from active_grasp/Seed.srv[0m
[ 66%] [34m[1mGenerating Lisp code from active_grasp/AABBox.msg[0m
[ 66%] [34m[1mGenerating Lisp code from active_grasp/Reset.srv[0m
[ 66%] [34m[1mGenerating Lisp code from active_grasp/Seed.srv[0m
[ 66%] [34m[1mGenerating C++ code from active_grasp/Reset.srv[0m
[ 66%] [34m[1mGenerating Javascript code from active_grasp/Reset.srv[0m
[ 66%] [34m[1mGenerating EusLisp code from active_grasp/Reset.srv[0m
[ 66%] [34m[1mGenerating Javascript code from active_grasp/Seed.srv[0m
[ 66%] [34m[1mGenerating EusLisp code from active_grasp/AABBox.msg[0m
[ 77%] [34m[1mGenerating Python code from SRV active_grasp/Seed[0m
[ 83%] [34m[1mGenerating C++ code from active_grasp/Seed.srv[0m
[ 83%] [34m[1mGenerating Javascript code from active_grasp/AABBox.msg[0m
[ 77%] [34m[1mGenerating C++ code from active_grasp/AABBox.msg[0m
[ 88%] [34m[1mGenerating Python code from SRV active_grasp/Reset[0m
[ 88%] Built target active_grasp_generate_messages_nodejs
[ 88%] Built target active_grasp_generate_messages_lisp
[ 94%] [34m[1mGenerating Python msg __init__.py for active_grasp[0m
[100%] [34m[1mGenerating Python srv __init__.py for active_grasp[0m
[100%] Built target active_grasp_generate_messages_cpp
[100%] Built target active_grasp_generate_messages_py
[100%] Built target active_grasp_generate_messages_eus
[100%] Built target active_grasp_generate_messages
