Symlinking /home/tom/dev_ws/thesis_ws/devel/lib/python3/dist-packages/active_grasp/__init__.py
Symlinking /home/tom/dev_ws/thesis_ws/devel/lib/python3/dist-packages/active_grasp/srv/_Reset.py
Symlinking /home/tom/dev_ws/thesis_ws/devel/lib/python3/dist-packages/active_grasp/srv/__init__.py
Symlinking /home/tom/dev_ws/thesis_ws/devel/lib/python3/dist-packages/active_grasp/srv/_Seed.py
Symlinking /home/tom/dev_ws/thesis_ws/devel/lib/python3/dist-packages/active_grasp/msg/__init__.py
Symlinking /home/tom/dev_ws/thesis_ws/devel/lib/python3/dist-packages/active_grasp/msg/_AABBox.py
Symlinking /home/tom/dev_ws/thesis_ws/devel/include/active_grasp/SeedResponse.h
Symlinking /home/tom/dev_ws/thesis_ws/devel/include/active_grasp/SeedRequest.h
Symlinking /home/tom/dev_ws/thesis_ws/devel/include/active_grasp/AABBox.h
Symlinking /home/tom/dev_ws/thesis_ws/devel/include/active_grasp/Reset.h
Symlinking /home/tom/dev_ws/thesis_ws/devel/include/active_grasp/Seed.h
Symlinking /home/tom/dev_ws/thesis_ws/devel/include/active_grasp/ResetRequest.h
Symlinking /home/tom/dev_ws/thesis_ws/devel/include/active_grasp/ResetResponse.h
Symlinking /home/tom/dev_ws/thesis_ws/devel/share/common-lisp/ros/active_grasp/srv/_package.lisp
Symlinking /home/tom/dev_ws/thesis_ws/devel/share/common-lisp/ros/active_grasp/srv/_package_Reset.lisp
Symlinking /home/tom/dev_ws/thesis_ws/devel/share/common-lisp/ros/active_grasp/srv/Reset.lisp
Symlinking /home/tom/dev_ws/thesis_ws/devel/share/common-lisp/ros/active_grasp/srv/_package_Seed.lisp
Symlinking /home/tom/dev_ws/thesis_ws/devel/share/common-lisp/ros/active_grasp/srv/active_grasp-srv.asd
Symlinking /home/tom/dev_ws/thesis_ws/devel/share/common-lisp/ros/active_grasp/srv/Seed.lisp
Symlinking /home/tom/dev_ws/thesis_ws/devel/share/common-lisp/ros/active_grasp/msg/AABBox.lisp
Symlinking /home/tom/dev_ws/thesis_ws/devel/share/common-lisp/ros/active_grasp/msg/_package_AABBox.lisp
Symlinking /home/tom/dev_ws/thesis_ws/devel/share/common-lisp/ros/active_grasp/msg/_package.lisp
Symlinking /home/tom/dev_ws/thesis_ws/devel/share/common-lisp/ros/active_grasp/msg/active_grasp-msg.asd
Symlinking /home/tom/dev_ws/thesis_ws/devel/share/active_grasp/cmake/active_grasp-msg-paths.cmake
Symlinking /home/tom/dev_ws/thesis_ws/devel/share/roseus/ros/active_grasp/manifest.l
Symlinking /home/tom/dev_ws/thesis_ws/devel/share/roseus/ros/active_grasp/srv/Seed.l
Symlinking /home/tom/dev_ws/thesis_ws/devel/share/roseus/ros/active_grasp/srv/Reset.l
Symlinking /home/tom/dev_ws/thesis_ws/devel/share/roseus/ros/active_grasp/msg/AABBox.l
Symlinking /home/tom/dev_ws/thesis_ws/devel/share/gennodejs/ros/active_grasp/_index.js
Symlinking /home/tom/dev_ws/thesis_ws/devel/share/gennodejs/ros/active_grasp/srv/Reset.js
Symlinking /home/tom/dev_ws/thesis_ws/devel/share/gennodejs/ros/active_grasp/srv/Seed.js
Symlinking /home/tom/dev_ws/thesis_ws/devel/share/gennodejs/ros/active_grasp/srv/_index.js
Symlinking /home/tom/dev_ws/thesis_ws/devel/share/gennodejs/ros/active_grasp/msg/AABBox.js
Symlinking /home/tom/dev_ws/thesis_ws/devel/share/gennodejs/ros/active_grasp/msg/_index.js
