Linked: (/home/tom/dev_ws/thesis_ws/devel/.private/active_grasp/lib/python3/dist-packages/active_grasp/__init__.py, /home/tom/dev_ws/thesis_ws/devel/lib/python3/dist-packages/active_grasp/__init__.py)
Linked: (/home/tom/dev_ws/thesis_ws/devel/.private/active_grasp/lib/python3/dist-packages/active_grasp/srv/_Reset.py, /home/tom/dev_ws/thesis_ws/devel/lib/python3/dist-packages/active_grasp/srv/_Reset.py)
Linked: (/home/tom/dev_ws/thesis_ws/devel/.private/active_grasp/lib/python3/dist-packages/active_grasp/srv/__init__.py, /home/tom/dev_ws/thesis_ws/devel/lib/python3/dist-packages/active_grasp/srv/__init__.py)
Linked: (/home/tom/dev_ws/thesis_ws/devel/.private/active_grasp/lib/python3/dist-packages/active_grasp/srv/_Seed.py, /home/tom/dev_ws/thesis_ws/devel/lib/python3/dist-packages/active_grasp/srv/_Seed.py)
Linked: (/home/tom/dev_ws/thesis_ws/devel/.private/active_grasp/lib/python3/dist-packages/active_grasp/msg/__init__.py, /home/tom/dev_ws/thesis_ws/devel/lib/python3/dist-packages/active_grasp/msg/__init__.py)
Linked: (/home/tom/dev_ws/thesis_ws/devel/.private/active_grasp/lib/python3/dist-packages/active_grasp/msg/_AABBox.py, /home/tom/dev_ws/thesis_ws/devel/lib/python3/dist-packages/active_grasp/msg/_AABBox.py)
Linked: (/home/tom/dev_ws/thesis_ws/devel/.private/active_grasp/include/active_grasp/SeedResponse.h, /home/tom/dev_ws/thesis_ws/devel/include/active_grasp/SeedResponse.h)
Linked: (/home/tom/dev_ws/thesis_ws/devel/.private/active_grasp/include/active_grasp/SeedRequest.h, /home/tom/dev_ws/thesis_ws/devel/include/active_grasp/SeedRequest.h)
Linked: (/home/tom/dev_ws/thesis_ws/devel/.private/active_grasp/include/active_grasp/AABBox.h, /home/tom/dev_ws/thesis_ws/devel/include/active_grasp/AABBox.h)
Linked: (/home/tom/dev_ws/thesis_ws/devel/.private/active_grasp/include/active_grasp/Reset.h, /home/tom/dev_ws/thesis_ws/devel/include/active_grasp/Reset.h)
Linked: (/home/tom/dev_ws/thesis_ws/devel/.private/active_grasp/include/active_grasp/Seed.h, /home/tom/dev_ws/thesis_ws/devel/include/active_grasp/Seed.h)
Linked: (/home/tom/dev_ws/thesis_ws/devel/.private/active_grasp/include/active_grasp/ResetRequest.h, /home/tom/dev_ws/thesis_ws/devel/include/active_grasp/ResetRequest.h)
Linked: (/home/tom/dev_ws/thesis_ws/devel/.private/active_grasp/include/active_grasp/ResetResponse.h, /home/tom/dev_ws/thesis_ws/devel/include/active_grasp/ResetResponse.h)
Linked: (/home/tom/dev_ws/thesis_ws/devel/.private/active_grasp/share/common-lisp/ros/active_grasp/srv/_package.lisp, /home/tom/dev_ws/thesis_ws/devel/share/common-lisp/ros/active_grasp/srv/_package.lisp)
Linked: (/home/tom/dev_ws/thesis_ws/devel/.private/active_grasp/share/common-lisp/ros/active_grasp/srv/_package_Reset.lisp, /home/tom/dev_ws/thesis_ws/devel/share/common-lisp/ros/active_grasp/srv/_package_Reset.lisp)
Linked: (/home/tom/dev_ws/thesis_ws/devel/.private/active_grasp/share/common-lisp/ros/active_grasp/srv/Reset.lisp, /home/tom/dev_ws/thesis_ws/devel/share/common-lisp/ros/active_grasp/srv/Reset.lisp)
Linked: (/home/tom/dev_ws/thesis_ws/devel/.private/active_grasp/share/common-lisp/ros/active_grasp/srv/_package_Seed.lisp, /home/tom/dev_ws/thesis_ws/devel/share/common-lisp/ros/active_grasp/srv/_package_Seed.lisp)
Linked: (/home/tom/dev_ws/thesis_ws/devel/.private/active_grasp/share/common-lisp/ros/active_grasp/srv/active_grasp-srv.asd, /home/tom/dev_ws/thesis_ws/devel/share/common-lisp/ros/active_grasp/srv/active_grasp-srv.asd)
Linked: (/home/tom/dev_ws/thesis_ws/devel/.private/active_grasp/share/common-lisp/ros/active_grasp/srv/Seed.lisp, /home/tom/dev_ws/thesis_ws/devel/share/common-lisp/ros/active_grasp/srv/Seed.lisp)
Linked: (/home/tom/dev_ws/thesis_ws/devel/.private/active_grasp/share/common-lisp/ros/active_grasp/msg/AABBox.lisp, /home/tom/dev_ws/thesis_ws/devel/share/common-lisp/ros/active_grasp/msg/AABBox.lisp)
Linked: (/home/tom/dev_ws/thesis_ws/devel/.private/active_grasp/share/common-lisp/ros/active_grasp/msg/_package_AABBox.lisp, /home/tom/dev_ws/thesis_ws/devel/share/common-lisp/ros/active_grasp/msg/_package_AABBox.lisp)
Linked: (/home/tom/dev_ws/thesis_ws/devel/.private/active_grasp/share/common-lisp/ros/active_grasp/msg/_package.lisp, /home/tom/dev_ws/thesis_ws/devel/share/common-lisp/ros/active_grasp/msg/_package.lisp)
Linked: (/home/tom/dev_ws/thesis_ws/devel/.private/active_grasp/share/common-lisp/ros/active_grasp/msg/active_grasp-msg.asd, /home/tom/dev_ws/thesis_ws/devel/share/common-lisp/ros/active_grasp/msg/active_grasp-msg.asd)
Linked: (/home/tom/dev_ws/thesis_ws/devel/.private/active_grasp/share/active_grasp/cmake/active_grasp-msg-paths.cmake, /home/tom/dev_ws/thesis_ws/devel/share/active_grasp/cmake/active_grasp-msg-paths.cmake)
Linked: (/home/tom/dev_ws/thesis_ws/devel/.private/active_grasp/share/roseus/ros/active_grasp/manifest.l, /home/tom/dev_ws/thesis_ws/devel/share/roseus/ros/active_grasp/manifest.l)
Linked: (/home/tom/dev_ws/thesis_ws/devel/.private/active_grasp/share/roseus/ros/active_grasp/srv/Seed.l, /home/tom/dev_ws/thesis_ws/devel/share/roseus/ros/active_grasp/srv/Seed.l)
Linked: (/home/tom/dev_ws/thesis_ws/devel/.private/active_grasp/share/roseus/ros/active_grasp/srv/Reset.l, /home/tom/dev_ws/thesis_ws/devel/share/roseus/ros/active_grasp/srv/Reset.l)
Linked: (/home/tom/dev_ws/thesis_ws/devel/.private/active_grasp/share/roseus/ros/active_grasp/msg/AABBox.l, /home/tom/dev_ws/thesis_ws/devel/share/roseus/ros/active_grasp/msg/AABBox.l)
Linked: (/home/tom/dev_ws/thesis_ws/devel/.private/active_grasp/share/gennodejs/ros/active_grasp/_index.js, /home/tom/dev_ws/thesis_ws/devel/share/gennodejs/ros/active_grasp/_index.js)
Linked: (/home/tom/dev_ws/thesis_ws/devel/.private/active_grasp/share/gennodejs/ros/active_grasp/srv/Reset.js, /home/tom/dev_ws/thesis_ws/devel/share/gennodejs/ros/active_grasp/srv/Reset.js)
Linked: (/home/tom/dev_ws/thesis_ws/devel/.private/active_grasp/share/gennodejs/ros/active_grasp/srv/Seed.js, /home/tom/dev_ws/thesis_ws/devel/share/gennodejs/ros/active_grasp/srv/Seed.js)
Linked: (/home/tom/dev_ws/thesis_ws/devel/.private/active_grasp/share/gennodejs/ros/active_grasp/srv/_index.js, /home/tom/dev_ws/thesis_ws/devel/share/gennodejs/ros/active_grasp/srv/_index.js)
Linked: (/home/tom/dev_ws/thesis_ws/devel/.private/active_grasp/share/gennodejs/ros/active_grasp/msg/AABBox.js, /home/tom/dev_ws/thesis_ws/devel/share/gennodejs/ros/active_grasp/msg/AABBox.js)
Linked: (/home/tom/dev_ws/thesis_ws/devel/.private/active_grasp/share/gennodejs/ros/active_grasp/msg/_index.js, /home/tom/dev_ws/thesis_ws/devel/share/gennodejs/ros/active_grasp/msg/_index.js)
